0 info it worked if it ends with ok
1 verbose cli [ '/home/eduardo/.nvm/versions/io.js/v2.5.0/bin/iojs',
1 verbose cli   '/home/eduardo/.nvm/versions/io.js/v2.5.0/bin/npm',
1 verbose cli   'run',
1 verbose cli   'dev' ]
2 info using npm@2.13.2
3 info using node@v2.5.0
4 verbose run-script [ 'predev', 'dev', 'postdev' ]
5 info predev entregable-1@1.0.0
6 info dev entregable-1@1.0.0
7 verbose unsafe-perm in lifecycle true
8 info entregable-1@1.0.0 Failed to exec dev script
9 verbose stack Error: entregable-1@1.0.0 dev: `node --watch app.js`
9 verbose stack Exit status 9
9 verbose stack     at EventEmitter.<anonymous> (/home/eduardo/.nvm/versions/io.js/v2.5.0/lib/node_modules/npm/lib/utils/lifecycle.js:214:16)
9 verbose stack     at emitTwo (events.js:87:13)
9 verbose stack     at EventEmitter.emit (events.js:172:7)
9 verbose stack     at ChildProcess.<anonymous> (/home/eduardo/.nvm/versions/io.js/v2.5.0/lib/node_modules/npm/lib/utils/spawn.js:24:14)
9 verbose stack     at emitTwo (events.js:87:13)
9 verbose stack     at ChildProcess.emit (events.js:172:7)
9 verbose stack     at maybeClose (internal/child_process.js:764:16)
9 verbose stack     at Process.ChildProcess._handle.onexit (internal/child_process.js:211:5)
10 verbose pkgid entregable-1@1.0.0
11 verbose cwd /home/eduardo/mega/backendII/entregable-1
12 error Linux 6.11.0-25-generic
13 error argv "/home/eduardo/.nvm/versions/io.js/v2.5.0/bin/iojs" "/home/eduardo/.nvm/versions/io.js/v2.5.0/bin/npm" "run" "dev"
14 error node v2.5.0
15 error npm  v2.13.2
16 error code ELIFECYCLE
17 error entregable-1@1.0.0 dev: `node --watch app.js`
17 error Exit status 9
18 error Failed at the entregable-1@1.0.0 dev script 'node --watch app.js'.
18 error This is most likely a problem with the entregable-1 package,
18 error not with npm itself.
18 error Tell the author that this fails on your system:
18 error     node --watch app.js
18 error You can get their info via:
18 error     npm owner ls entregable-1
18 error There is likely additional logging output above.
19 verbose exit [ 1, true ]
